# JRE version: OpenJDK Runtime Environment (21.0.7) (build 21.0.7+-13880790-b1038.58)
# Java VM: OpenJDK 64-Bit Server VM (21.0.7+-13880790-b1038.58, mixed mode, tiered, compressed oops, compressed class ptrs, g1 gc, windows-amd64)
GC Precious Log:
 CardTable entry size: 512
 Card Set container configuration: InlinePtr #cards 5 size 8 Array Of Cards #cards 12 size 40 Howl #buckets 4 coarsen threshold 1843 Howl Bitmap #cards 512 size 80 coarsen threshold 460 Card regions per heap region 1 cards per card region 2048
 CPUs: 12 total, 12 available
 Memory: 16331M
 Large Page Support: Disabled
 NUMA Support: Disabled
 Compressed Oops: Enabled (32-bit)
 Heap Region Size: 1M
 Heap Min Capacity: 8M
 Heap Initial Capacity: 256M
 Heap Max Capacity: 2G
 Pre-touch: Disabled
 Parallel Workers: 10
 Concurrent Workers: 3
 Concurrent Refinement Workers: 10
 Periodic GC: Disabled
Heap:
 garbage-first heap   total 280576K, used 230197K [0x0000000080000000, 0x0000000100000000)
  region size 1024K, 6 young (6144K), 5 survivors (5120K)
 Metaspace       used 131440K, committed 133760K, reserved 1179648K
  class space    used 18139K, committed 19264K, reserved 1048576K
GC Heap History (20 events):
Event: 39.504 GC heap before
{Heap before GC invocations=61 (full 0):
 garbage-first heap   total 201728K, used 159324K [0x0000000080000000, 0x0000000100000000)
  region size 1024K, 46 young (47104K), 7 survivors (7168K)
 Metaspace       used 117382K, committed 119616K, reserved 1179648K
  class space    used 16281K, committed 17408K, reserved 1048576K
}
Event: 39.509 GC heap after
{Heap after GC invocations=62 (full 0):
 garbage-first heap   total 201728K, used 125963K [0x0000000080000000, 0x0000000100000000)
  region size 1024K, 6 young (6144K), 6 survivors (6144K)
 Metaspace       used 117382K, committed 119616K, reserved 1179648K
  class space    used 16281K, committed 17408K, reserved 1048576K
}
Event: 40.126 GC heap before
{Heap before GC invocations=62 (full 0):
 garbage-first heap   total 201728K, used 182283K [0x0000000080000000, 0x0000000100000000)
  region size 1024K, 62 young (63488K), 6 survivors (6144K)
 Metaspace       used 117769K, committed 120000K, reserved 1179648K
  class space    used 16354K, committed 17472K, reserved 1048576K
}
Event: 40.132 GC heap after
{Heap after GC invocations=63 (full 0):
 garbage-first heap   total 201728K, used 127736K [0x0000000080000000, 0x0000000100000000)
  region size 1024K, 5 young (5120K), 5 survivors (5120K)
 Metaspace       used 117769K, committed 120000K, reserved 1179648K
  class space    used 16354K, committed 17472K, reserved 1048576K
}
Event: 40.811 GC heap before
{Heap before GC invocations=63 (full 0):
 garbage-first heap   total 201728K, used 183032K [0x0000000080000000, 0x0000000100000000)
  region size 1024K, 60 young (61440K), 5 survivors (5120K)
 Metaspace       used 120020K, committed 122304K, reserved 1179648K
  class space    used 16591K, committed 17664K, reserved 1048576K
}
Event: 40.816 GC heap after
{Heap after GC invocations=64 (full 0):
 garbage-first heap   total 201728K, used 131807K [0x0000000080000000, 0x0000000100000000)
  region size 1024K, 7 young (7168K), 7 survivors (7168K)
 Metaspace       used 120020K, committed 122304K, reserved 1179648K
  class space    used 16591K, committed 17664K, reserved 1048576K
}
Event: 41.914 GC heap before
{Heap before GC invocations=65 (full 0):
 garbage-first heap   total 222208K, used 179935K [0x0000000080000000, 0x0000000100000000)
  region size 1024K, 55 young (56320K), 7 survivors (7168K)
 Metaspace       used 121049K, committed 123264K, reserved 1179648K
  class space    used 16641K, committed 17728K, reserved 1048576K
}
Event: 41.917 GC heap after
{Heap after GC invocations=66 (full 0):
 garbage-first heap   total 222208K, used 132342K [0x0000000080000000, 0x0000000100000000)
  region size 1024K, 2 young (2048K), 2 survivors (2048K)
 Metaspace       used 121049K, committed 123264K, reserved 1179648K
  class space    used 16641K, committed 17728K, reserved 1048576K
}
Event: 42.639 GC heap before
{Heap before GC invocations=66 (full 0):
 garbage-first heap   total 222208K, used 209142K [0x0000000080000000, 0x0000000100000000)
  region size 1024K, 73 young (74752K), 2 survivors (2048K)
 Metaspace       used 123113K, committed 125312K, reserved 1179648K
  class space    used 16794K, committed 17856K, reserved 1048576K
}
Event: 42.646 GC heap after
{Heap after GC invocations=67 (full 0):
 garbage-first heap   total 222208K, used 136217K [0x0000000080000000, 0x0000000100000000)
  region size 1024K, 7 young (7168K), 7 survivors (7168K)
 Metaspace       used 123113K, committed 125312K, reserved 1179648K
  class space    used 16794K, committed 17856K, reserved 1048576K
}
Event: 43.018 GC heap before
{Heap before GC invocations=67 (full 0):
 garbage-first heap   total 222208K, used 200729K [0x0000000080000000, 0x0000000100000000)
  region size 1024K, 71 young (72704K), 7 survivors (7168K)
 Metaspace       used 123870K, committed 126080K, reserved 1179648K
  class space    used 16886K, committed 17984K, reserved 1048576K
}
Event: 43.026 GC heap after
{Heap after GC invocations=68 (full 0):
 garbage-first heap   total 222208K, used 139669K [0x0000000080000000, 0x0000000100000000)
  region size 1024K, 6 young (6144K), 6 survivors (6144K)
 Metaspace       used 123870K, committed 126080K, reserved 1179648K
  class space    used 16886K, committed 17984K, reserved 1048576K
}
Event: 43.548 GC heap before
{Heap before GC invocations=69 (full 0):
 garbage-first heap   total 234496K, used 232853K [0x0000000080000000, 0x0000000100000000)
  region size 1024K, 62 young (63488K), 6 survivors (6144K)
 Metaspace       used 128081K, committed 130368K, reserved 1179648K
  class space    used 17479K, committed 18624K, reserved 1048576K
}
Event: 43.555 GC heap after
{Heap after GC invocations=70 (full 0):
 garbage-first heap   total 248832K, used 171681K [0x0000000080000000, 0x0000000100000000)
  region size 1024K, 9 young (9216K), 9 survivors (9216K)
 Metaspace       used 128081K, committed 130368K, reserved 1179648K
  class space    used 17479K, committed 18624K, reserved 1048576K
}
Event: 44.072 GC heap before
{Heap before GC invocations=70 (full 0):
 garbage-first heap   total 248832K, used 236193K [0x0000000080000000, 0x0000000100000000)
  region size 1024K, 62 young (63488K), 9 survivors (9216K)
 Metaspace       used 128430K, committed 130688K, reserved 1179648K
  class space    used 17524K, committed 18688K, reserved 1048576K
}
Event: 44.088 GC heap after
{Heap after GC invocations=71 (full 0):
 garbage-first heap   total 269312K, used 194560K [0x0000000080000000, 0x0000000100000000)
  region size 1024K, 8 young (8192K), 8 survivors (8192K)
 Metaspace       used 128430K, committed 130688K, reserved 1179648K
  class space    used 17524K, committed 18688K, reserved 1048576K
}
Event: 44.429 GC heap before
{Heap before GC invocations=71 (full 0):
 garbage-first heap   total 269312K, used 239616K [0x0000000080000000, 0x0000000100000000)
  region size 1024K, 53 young (54272K), 8 survivors (8192K)
 Metaspace       used 131365K, committed 133696K, reserved 1179648K
  class space    used 18133K, committed 19264K, reserved 1048576K
}
Event: 44.444 GC heap after
{Heap after GC invocations=72 (full 0):
 garbage-first heap   total 269312K, used 211714K [0x0000000080000000, 0x0000000100000000)
  region size 1024K, 7 young (7168K), 7 survivors (7168K)
 Metaspace       used 131365K, committed 133696K, reserved 1179648K
  class space    used 18133K, committed 19264K, reserved 1048576K
}
Event: 44.519 GC heap before
{Heap before GC invocations=72 (full 0):
 garbage-first heap   total 269312K, used 244482K [0x0000000080000000, 0x0000000100000000)
  region size 1024K, 39 young (39936K), 7 survivors (7168K)
 Metaspace       used 131440K, committed 133760K, reserved 1179648K
  class space    used 18139K, committed 19264K, reserved 1048576K
}
Event: 44.534 GC heap after
{Heap after GC invocations=73 (full 0):
 garbage-first heap   total 270336K, used 230197K [0x0000000080000000, 0x0000000100000000)
  region size 1024K, 5 young (5120K), 5 survivors (5120K)
 Metaspace       used 131440K, committed 133760K, reserved 1179648K
  class space    used 18139K, committed 19264K, reserved 1048576K
}

