# JRE version: OpenJDK Runtime Environment (21.0.7) (build 21.0.7+-13880790-b1038.58)
# Java VM: OpenJDK 64-Bit Server VM (21.0.7+-13880790-b1038.58, mixed mode, tiered, compressed oops, compressed class ptrs, g1 gc, windows-amd64)
GC Precious Log:
 CardTable entry size: 512
 Card Set container configuration: InlinePtr #cards 5 size 8 Array Of Cards #cards 12 size 40 Howl #buckets 4 coarsen threshold 1843 Howl Bitmap #cards 512 size 80 coarsen threshold 460 Card regions per heap region 1 cards per card region 2048
 CPUs: 12 total, 12 available
 Memory: 16331M
 Large Page Support: Disabled
 NUMA Support: Disabled
 Compressed Oops: Enabled (32-bit)
 Heap Region Size: 1M
 Heap Min Capacity: 8M
 Heap Initial Capacity: 256M
 Heap Max Capacity: 2G
 Pre-touch: Disabled
 Parallel Workers: 10
 Concurrent Workers: 3
 Concurrent Refinement Workers: 10
 Periodic GC: Disabled
Heap:
 garbage-first heap   total 290816K, used 226832K [0x0000000080000000, 0x0000000100000000)
  region size 1024K, 9 young (9216K), 7 survivors (7168K)
 Metaspace       used 135872K, committed 138240K, reserved 1179648K
  class space    used 18596K, committed 19776K, reserved 1048576K
GC Heap History (20 events):
Event: 38.882 GC heap before
{Heap before GC invocations=58 (full 0):
 garbage-first heap   total 266240K, used 185595K [0x0000000080000000, 0x0000000100000000)
  region size 1024K, 31 young (31744K), 6 survivors (6144K)
 Metaspace       used 121576K, committed 123776K, reserved 1179648K
  class space    used 16701K, committed 17792K, reserved 1048576K
}
Event: 38.885 GC heap after
{Heap after GC invocations=59 (full 0):
 garbage-first heap   total 266240K, used 156186K [0x0000000080000000, 0x0000000100000000)
  region size 1024K, 4 young (4096K), 4 survivors (4096K)
 Metaspace       used 121576K, committed 123776K, reserved 1179648K
  class space    used 16701K, committed 17792K, reserved 1048576K
}
Event: 40.572 GC heap before
{Heap before GC invocations=59 (full 0):
 garbage-first heap   total 266240K, used 225818K [0x0000000080000000, 0x0000000100000000)
  region size 1024K, 58 young (59392K), 4 survivors (4096K)
 Metaspace       used 123767K, committed 126016K, reserved 1179648K
  class space    used 16891K, committed 17984K, reserved 1048576K
}
Event: 40.579 GC heap after
{Heap after GC invocations=60 (full 0):
 garbage-first heap   total 266240K, used 158714K [0x0000000080000000, 0x0000000100000000)
  region size 1024K, 8 young (8192K), 8 survivors (8192K)
 Metaspace       used 123767K, committed 126016K, reserved 1179648K
  class space    used 16891K, committed 17984K, reserved 1048576K
}
Event: 41.315 GC heap before
{Heap before GC invocations=60 (full 0):
 garbage-first heap   total 266240K, used 217082K [0x0000000080000000, 0x0000000100000000)
  region size 1024K, 66 young (67584K), 8 survivors (8192K)
 Metaspace       used 127110K, committed 129344K, reserved 1179648K
  class space    used 17230K, committed 18304K, reserved 1048576K
}
Event: 41.323 GC heap after
{Heap after GC invocations=61 (full 0):
 garbage-first heap   total 266240K, used 168020K [0x0000000080000000, 0x0000000100000000)
  region size 1024K, 9 young (9216K), 9 survivors (9216K)
 Metaspace       used 127110K, committed 129344K, reserved 1179648K
  class space    used 17230K, committed 18304K, reserved 1048576K
}
Event: 42.678 GC heap before
{Heap before GC invocations=61 (full 0):
 garbage-first heap   total 266240K, used 223316K [0x0000000080000000, 0x0000000100000000)
  region size 1024K, 64 young (65536K), 9 survivors (9216K)
 Metaspace       used 127564K, committed 129856K, reserved 1179648K
  class space    used 17273K, committed 18368K, reserved 1048576K
}
Event: 42.682 GC heap after
{Heap after GC invocations=62 (full 0):
 garbage-first heap   total 266240K, used 166329K [0x0000000080000000, 0x0000000100000000)
  region size 1024K, 5 young (5120K), 5 survivors (5120K)
 Metaspace       used 127564K, committed 129856K, reserved 1179648K
  class space    used 17273K, committed 18368K, reserved 1048576K
}
Event: 43.286 GC heap before
{Heap before GC invocations=62 (full 0):
 garbage-first heap   total 266240K, used 202169K [0x0000000080000000, 0x0000000100000000)
  region size 1024K, 34 young (34816K), 5 survivors (5120K)
 Metaspace       used 127945K, committed 130240K, reserved 1179648K
  class space    used 17322K, committed 18432K, reserved 1048576K
}
Event: 43.292 GC heap after
{Heap after GC invocations=63 (full 0):
 garbage-first heap   total 266240K, used 178659K [0x0000000080000000, 0x0000000100000000)
  region size 1024K, 9 young (9216K), 9 survivors (9216K)
 Metaspace       used 127945K, committed 130240K, reserved 1179648K
  class space    used 17322K, committed 18432K, reserved 1048576K
}
Event: 43.363 GC heap before
{Heap before GC invocations=63 (full 0):
 garbage-first heap   total 266240K, used 181731K [0x0000000080000000, 0x0000000100000000)
  region size 1024K, 11 young (11264K), 9 survivors (9216K)
 Metaspace       used 127947K, committed 130240K, reserved 1179648K
  class space    used 17322K, committed 18432K, reserved 1048576K
}
Event: 43.367 GC heap after
{Heap after GC invocations=64 (full 0):
 garbage-first heap   total 266240K, used 181555K [0x0000000080000000, 0x0000000100000000)
  region size 1024K, 2 young (2048K), 2 survivors (2048K)
 Metaspace       used 127947K, committed 130240K, reserved 1179648K
  class space    used 17322K, committed 18432K, reserved 1048576K
}
Event: 44.478 GC heap before
{Heap before GC invocations=65 (full 0):
 garbage-first heap   total 288768K, used 215347K [0x0000000080000000, 0x0000000100000000)
  region size 1024K, 45 young (46080K), 2 survivors (2048K)
 Metaspace       used 130216K, committed 132480K, reserved 1179648K
  class space    used 17648K, committed 18752K, reserved 1048576K
}
Event: 44.481 GC heap after
{Heap after GC invocations=66 (full 0):
 garbage-first heap   total 288768K, used 175572K [0x0000000080000000, 0x0000000100000000)
  region size 1024K, 5 young (5120K), 5 survivors (5120K)
 Metaspace       used 130216K, committed 132480K, reserved 1179648K
  class space    used 17648K, committed 18752K, reserved 1048576K
}
Event: 45.485 GC heap before
{Heap before GC invocations=66 (full 0):
 garbage-first heap   total 288768K, used 272852K [0x0000000080000000, 0x0000000100000000)
  region size 1024K, 69 young (70656K), 5 survivors (5120K)
 Metaspace       used 132843K, committed 135232K, reserved 1179648K
  class space    used 17995K, committed 19200K, reserved 1048576K
}
Event: 45.492 GC heap after
{Heap after GC invocations=67 (full 0):
 garbage-first heap   total 290816K, used 198434K [0x0000000080000000, 0x0000000100000000)
  region size 1024K, 9 young (9216K), 9 survivors (9216K)
 Metaspace       used 132843K, committed 135232K, reserved 1179648K
  class space    used 17995K, committed 19200K, reserved 1048576K
}
Event: 46.193 GC heap before
{Heap before GC invocations=67 (full 0):
 garbage-first heap   total 290816K, used 252706K [0x0000000080000000, 0x0000000100000000)
  region size 1024K, 61 young (62464K), 9 survivors (9216K)
 Metaspace       used 133981K, committed 136256K, reserved 1179648K
  class space    used 18191K, committed 19328K, reserved 1048576K
}
Event: 46.211 GC heap after
{Heap after GC invocations=68 (full 0):
 garbage-first heap   total 290816K, used 206468K [0x0000000080000000, 0x0000000100000000)
  region size 1024K, 8 young (8192K), 8 survivors (8192K)
 Metaspace       used 133981K, committed 136256K, reserved 1179648K
  class space    used 18191K, committed 19328K, reserved 1048576K
}
Event: 46.899 GC heap before
{Heap before GC invocations=68 (full 0):
 garbage-first heap   total 290816K, used 251524K [0x0000000080000000, 0x0000000100000000)
  region size 1024K, 53 young (54272K), 8 survivors (8192K)
 Metaspace       used 135867K, committed 138240K, reserved 1179648K
  class space    used 18596K, committed 19776K, reserved 1048576K
}
Event: 46.914 GC heap after
{Heap after GC invocations=69 (full 0):
 garbage-first heap   total 290816K, used 225808K [0x0000000080000000, 0x0000000100000000)
  region size 1024K, 7 young (7168K), 7 survivors (7168K)
 Metaspace       used 135867K, committed 138240K, reserved 1179648K
  class space    used 18596K, committed 19776K, reserved 1048576K
}

